2016-11-16 15:17:55 DEBUG Jena:189 - Jena initialization
2016-11-16 15:17:55 DEBUG FileManager:157 - Add location: LocatorFile
2016-11-16 15:17:55 DEBUG FileManager:157 - Add location: ClassLoaderLocator
2016-11-16 15:17:55 DEBUG LocationMapper:152 - Failed to find configuration: file:location-mapping.rdf;file:location-mapping.n3;file:location-mapping.ttl;file:etc/location-mapping.rdf;file:etc/location-mapping.n3;file:etc/location-mapping.ttl
2016-11-16 15:17:55 DEBUG FileManager:157 - Add location: LocatorFile
2016-11-16 15:17:55 DEBUG FileManager:157 - Add location: LocatorURL
2016-11-16 15:17:55 DEBUG FileManager:157 - Add location: ClassLoaderLocator
2016-11-16 15:17:55 DEBUG JenaIOEnvironment:180 - Failed to find configuration: location-mapping.ttl;location-mapping.rdf;location-mapping.n3;etc/location-mapping.rdf;etc/location-mapping.n3;etc/location-mapping.ttl
2016-11-16 15:17:56 DEBUG info:334 - System architecture: 64 bit
2016-11-16 15:17:56 DEBUG StreamManager:93 - open(/Users/ilariatiddi/LunaWorkspace/secklow-sound-project/docs/nt/spreaker-2016-04-18.nt)
2016-11-16 15:17:56 DEBUG StreamManager:112 - Not mapped: /Users/ilariatiddi/LunaWorkspace/secklow-sound-project/docs/nt/spreaker-2016-04-18.nt
2016-11-16 15:17:56 DEBUG StreamManager:142 - Found: /Users/ilariatiddi/LunaWorkspace/secklow-sound-project/docs/nt/spreaker-2016-04-18.nt (LocatorFile)
2016-11-16 15:17:56 DEBUG RDFDataMgr:841 - Found: /Users/ilariatiddi/LunaWorkspace/secklow-sound-project/docs/nt/spreaker-2016-04-18.nt
2016-11-16 15:17:56 INFO  SecklowMain:67 - Added spreaker-2016-04-18.nt, model has 1705 triples 
2016-11-16 15:17:56 DEBUG StreamManager:93 - open(/Users/ilariatiddi/LunaWorkspace/secklow-sound-project/docs/nt/spreaker-2016-04-27.nt)
2016-11-16 15:17:56 DEBUG StreamManager:112 - Not mapped: /Users/ilariatiddi/LunaWorkspace/secklow-sound-project/docs/nt/spreaker-2016-04-27.nt
2016-11-16 15:17:56 DEBUG StreamManager:142 - Found: /Users/ilariatiddi/LunaWorkspace/secklow-sound-project/docs/nt/spreaker-2016-04-27.nt (LocatorFile)
2016-11-16 15:17:56 DEBUG RDFDataMgr:841 - Found: /Users/ilariatiddi/LunaWorkspace/secklow-sound-project/docs/nt/spreaker-2016-04-27.nt
2016-11-16 15:17:56 INFO  SecklowMain:67 - Added spreaker-2016-04-27.nt, model has 1801 triples 
2016-11-16 15:17:56 DEBUG StreamManager:93 - open(/Users/ilariatiddi/LunaWorkspace/secklow-sound-project/docs/nt/spreaker-2016-05-04.nt)
2016-11-16 15:17:56 DEBUG StreamManager:112 - Not mapped: /Users/ilariatiddi/LunaWorkspace/secklow-sound-project/docs/nt/spreaker-2016-05-04.nt
2016-11-16 15:17:56 DEBUG StreamManager:142 - Found: /Users/ilariatiddi/LunaWorkspace/secklow-sound-project/docs/nt/spreaker-2016-05-04.nt (LocatorFile)
2016-11-16 15:17:56 DEBUG RDFDataMgr:841 - Found: /Users/ilariatiddi/LunaWorkspace/secklow-sound-project/docs/nt/spreaker-2016-05-04.nt
2016-11-16 15:17:56 INFO  SecklowMain:67 - Added spreaker-2016-05-04.nt, model has 1868 triples 
2016-11-16 15:17:56 DEBUG StreamManager:93 - open(/Users/ilariatiddi/LunaWorkspace/secklow-sound-project/docs/nt/spreaker-2016-05-23.nt)
2016-11-16 15:17:56 DEBUG StreamManager:112 - Not mapped: /Users/ilariatiddi/LunaWorkspace/secklow-sound-project/docs/nt/spreaker-2016-05-23.nt
2016-11-16 15:17:56 DEBUG StreamManager:142 - Found: /Users/ilariatiddi/LunaWorkspace/secklow-sound-project/docs/nt/spreaker-2016-05-23.nt (LocatorFile)
2016-11-16 15:17:56 DEBUG RDFDataMgr:841 - Found: /Users/ilariatiddi/LunaWorkspace/secklow-sound-project/docs/nt/spreaker-2016-05-23.nt
2016-11-16 15:17:56 INFO  SecklowMain:67 - Added spreaker-2016-05-23.nt, model has 2111 triples 
2016-11-16 15:17:56 DEBUG StreamManager:93 - open(/Users/ilariatiddi/LunaWorkspace/secklow-sound-project/docs/nt/spreaker-2016-05-30.nt)
2016-11-16 15:17:56 DEBUG StreamManager:112 - Not mapped: /Users/ilariatiddi/LunaWorkspace/secklow-sound-project/docs/nt/spreaker-2016-05-30.nt
2016-11-16 15:17:56 DEBUG StreamManager:142 - Found: /Users/ilariatiddi/LunaWorkspace/secklow-sound-project/docs/nt/spreaker-2016-05-30.nt (LocatorFile)
2016-11-16 15:17:56 DEBUG RDFDataMgr:841 - Found: /Users/ilariatiddi/LunaWorkspace/secklow-sound-project/docs/nt/spreaker-2016-05-30.nt
2016-11-16 15:17:56 INFO  SecklowMain:67 - Added spreaker-2016-05-30.nt, model has 2243 triples 
2016-11-16 15:17:56 DEBUG StreamManager:93 - open(/Users/ilariatiddi/LunaWorkspace/secklow-sound-project/docs/nt/spreaker-2016-06-09.nt)
2016-11-16 15:17:56 DEBUG StreamManager:112 - Not mapped: /Users/ilariatiddi/LunaWorkspace/secklow-sound-project/docs/nt/spreaker-2016-06-09.nt
2016-11-16 15:17:56 DEBUG StreamManager:142 - Found: /Users/ilariatiddi/LunaWorkspace/secklow-sound-project/docs/nt/spreaker-2016-06-09.nt (LocatorFile)
2016-11-16 15:17:56 DEBUG RDFDataMgr:841 - Found: /Users/ilariatiddi/LunaWorkspace/secklow-sound-project/docs/nt/spreaker-2016-06-09.nt
2016-11-16 15:17:56 INFO  SecklowMain:67 - Added spreaker-2016-06-09.nt, model has 2368 triples 
2016-11-16 15:17:56 DEBUG StreamManager:93 - open(/Users/ilariatiddi/LunaWorkspace/secklow-sound-project/docs/nt/spreaker-2016-06-13.nt)
2016-11-16 15:17:56 DEBUG StreamManager:112 - Not mapped: /Users/ilariatiddi/LunaWorkspace/secklow-sound-project/docs/nt/spreaker-2016-06-13.nt
2016-11-16 15:17:56 DEBUG StreamManager:142 - Found: /Users/ilariatiddi/LunaWorkspace/secklow-sound-project/docs/nt/spreaker-2016-06-13.nt (LocatorFile)
2016-11-16 15:17:56 DEBUG RDFDataMgr:841 - Found: /Users/ilariatiddi/LunaWorkspace/secklow-sound-project/docs/nt/spreaker-2016-06-13.nt
2016-11-16 15:17:56 INFO  SecklowMain:67 - Added spreaker-2016-06-13.nt, model has 2481 triples 
2016-11-16 15:17:56 DEBUG StreamManager:93 - open(/Users/ilariatiddi/LunaWorkspace/secklow-sound-project/docs/nt/spreaker-2016-06-21.nt)
2016-11-16 15:17:56 DEBUG StreamManager:112 - Not mapped: /Users/ilariatiddi/LunaWorkspace/secklow-sound-project/docs/nt/spreaker-2016-06-21.nt
2016-11-16 15:17:56 DEBUG StreamManager:142 - Found: /Users/ilariatiddi/LunaWorkspace/secklow-sound-project/docs/nt/spreaker-2016-06-21.nt (LocatorFile)
2016-11-16 15:17:56 DEBUG RDFDataMgr:841 - Found: /Users/ilariatiddi/LunaWorkspace/secklow-sound-project/docs/nt/spreaker-2016-06-21.nt
2016-11-16 15:17:56 INFO  SecklowMain:67 - Added spreaker-2016-06-21.nt, model has 2606 triples 
2016-11-16 15:17:56 DEBUG StreamManager:93 - open(/Users/ilariatiddi/LunaWorkspace/secklow-sound-project/docs/nt/spreaker-2016-06-27.nt)
2016-11-16 15:17:56 DEBUG StreamManager:112 - Not mapped: /Users/ilariatiddi/LunaWorkspace/secklow-sound-project/docs/nt/spreaker-2016-06-27.nt
2016-11-16 15:17:56 DEBUG StreamManager:142 - Found: /Users/ilariatiddi/LunaWorkspace/secklow-sound-project/docs/nt/spreaker-2016-06-27.nt (LocatorFile)
2016-11-16 15:17:56 DEBUG RDFDataMgr:841 - Found: /Users/ilariatiddi/LunaWorkspace/secklow-sound-project/docs/nt/spreaker-2016-06-27.nt
2016-11-16 15:17:56 INFO  SecklowMain:67 - Added spreaker-2016-06-27.nt, model has 2702 triples 
2016-11-16 15:17:56 DEBUG StreamManager:93 - open(/Users/ilariatiddi/LunaWorkspace/secklow-sound-project/docs/nt/spreaker-2016-07-05.nt)
2016-11-16 15:17:56 DEBUG StreamManager:112 - Not mapped: /Users/ilariatiddi/LunaWorkspace/secklow-sound-project/docs/nt/spreaker-2016-07-05.nt
2016-11-16 15:17:56 DEBUG StreamManager:142 - Found: /Users/ilariatiddi/LunaWorkspace/secklow-sound-project/docs/nt/spreaker-2016-07-05.nt (LocatorFile)
2016-11-16 15:17:56 DEBUG RDFDataMgr:841 - Found: /Users/ilariatiddi/LunaWorkspace/secklow-sound-project/docs/nt/spreaker-2016-07-05.nt
2016-11-16 15:17:56 INFO  SecklowMain:67 - Added spreaker-2016-07-05.nt, model has 2819 triples 
2016-11-16 15:17:56 DEBUG StreamManager:93 - open(./docs/transcripts.nt)
2016-11-16 15:17:56 DEBUG StreamManager:112 - Not mapped: ./docs/transcripts.nt
2016-11-16 15:17:56 DEBUG StreamManager:142 - Found: ./docs/transcripts.nt (LocatorFile)
2016-11-16 15:17:56 DEBUG RDFDataMgr:841 - Found: ./docs/transcripts.nt
2016-11-16 15:17:56 INFO  SecklowMain:71 - Added transcripts, model has 2942 triples 
2016-11-16 15:17:56 INFO  SecklowMain:74 - Annotating....
2016-11-16 15:18:17 INFO  SecklowIndexReader:123 - OK!
